This file contains any messages produced by compilers while
running configure, to aid debugging if configure makes a mistake.

It was created by sqlite configure 3.37.2, which was
generated by GNU Autoconf 2.69.  Invocation command line was

  $ ./configure --with-sysroot=/home/guangbin/Workspace/ndk-3rdlib/sqlite-autoconf-3370200/../android-toolchain/sysroot --host=arm-linux-androideabi --prefix=/home/guangbin/Workspace/ndk-3rdlib/sqlite-autoconf-3370200/build/armeabi-v7a --enable-shared=no

## --------- ##
## Platform. ##
## --------- ##

hostname = guangbin-piesat
uname -m = x86_64
uname -r = 5.15.12-1-MANJARO
uname -s = Linux
uname -v = #1 SMP PREEMPT Wed Dec 29 18:08:07 UTC 2021

/usr/bin/uname -p = unknown
/bin/uname -X     = unknown

/bin/arch              = unknown
/usr/bin/arch -k       = unknown
/usr/convex/getsysinfo = unknown
/usr/bin/hostinfo      = unknown
/bin/machine           = unknown
/usr/bin/oslevel       = unknown
/bin/universe          = unknown

PATH: /home/guangbin/Workspace/ndk-3rdlib/sqlite-autoconf-3370200/../android-toolchain/bin
PATH: /home/guangbin/Android/Sdk/platform-tools
PATH: /home/guangbin/Android/Sdk/cmake/3.18.1/bin
PATH: /home/guangbin/Android/Sdk/ndk/android-ndk-r15c
PATH: /home/guangbin/.local/bin
PATH: /home/guangbin/.local/bin
PATH: /usr/local/bin
PATH: /usr/bin
PATH: /var/lib/snapd/snap/bin
PATH: /usr/local/sbin
PATH: /usr/lib/jvm/default/bin
PATH: /usr/bin/site_perl
PATH: /usr/bin/vendor_perl
PATH: /usr/bin/core_perl
PATH: /home/guangbin/.dotfiles/.fzf/bin
PATH: /usr/lib/jvm/default/bin


## ----------- ##
## Core tests. ##
## ----------- ##

configure:2353: checking for a BSD-compatible install
configure:2421: result: /usr/bin/install -c
configure:2432: checking whether build environment is sane
configure:2487: result: yes
configure:2546: checking for arm-linux-androideabi-strip
configure:2573: result: arm-linux-androideabi-strip
configure:2638: checking for a thread-safe mkdir -p
configure:2677: result: /usr/bin/mkdir -p
configure:2684: checking for gawk
configure:2700: found /usr/bin/gawk
configure:2711: result: gawk
configure:2722: checking whether make sets $(MAKE)
configure:2744: result: yes
configure:2773: checking whether make supports nested variables
configure:2790: result: yes
configure:2929: checking for style of include used by make
configure:2957: result: GNU
configure:2988: checking for arm-linux-androideabi-gcc
configure:3015: result: arm-linux-androideabi-gcc
configure:3284: checking for C compiler version
configure:3293: arm-linux-androideabi-gcc --version >&5
arm-linux-androideabi-gcc (GCC) 4.9.x 20150123 (prerelease)
Copyright (C) 2014 Free Software Foundation, Inc.
This is free software; see the source for copying conditions.  There is NO
warranty; not even for MERCHANTABILITY or FITNESS FOR A PARTICULAR PURPOSE.

configure:3304: $? = 0
configure:3293: arm-linux-androideabi-gcc -v >&5
Using built-in specs.
COLLECT_GCC=arm-linux-androideabi-gcc
COLLECT_LTO_WRAPPER=/home/guangbin/Workspace/ndk-3rdlib/android-toolchain/bin/../libexec/gcc/arm-linux-androideabi/4.9.x/lto-wrapper
Target: arm-linux-androideabi
Configured with: /usr/local/google/buildbot/src/android/gcc/toolchain/build/../gcc/gcc-4.9/configure --prefix=/tmp/59719db9ae19ff43aef46bbcb79596b6 --target=arm-linux-androideabi --host=x86_64-linux-gnu --build=x86_64-linux-gnu --with-gnu-as --with-gnu-ld --enable-languages=c,c++ --with-gmp=/buildbot/tmp/build/toolchain/temp-install --with-mpfr=/buildbot/tmp/build/toolchain/temp-install --with-mpc=/buildbot/tmp/build/toolchain/temp-install --with-cloog=/buildbot/tmp/build/toolchain/temp-install --with-isl=/buildbot/tmp/build/toolchain/temp-install --with-ppl=/buildbot/tmp/build/toolchain/temp-install --disable-ppl-version-check --disable-cloog-version-check --disable-isl-version-check --enable-cloog-backend=isl --with-host-libstdcxx='-static-libgcc -Wl,-Bstatic,-lstdc++,-Bdynamic -lm' --disable-libssp --enable-threads --disable-nls --disable-libmudflap --disable-libgomp --disable-libstdc__-v3 --disable-sjlj-exceptions --disable-shared --disable-tls --disable-libitm --with-float=soft --with-fpu=vfp --with-arch=armv5te --enable-target-optspace --enable-bionic-libs --enable-libatomic-ifuncs=no --enable-initfini-array --disable-nls --prefix=/tmp/59719db9ae19ff43aef46bbcb79596b6 --with-sysroot=/tmp/59719db9ae19ff43aef46bbcb79596b6/sysroot --with-binutils-version=2.25 --with-mpfr-version=3.1.1 --with-mpc-version=1.0.1 --with-gmp-version=5.0.5 --with-gcc-version=4.9 --with-gdb-version=none --with-gxx-include-dir=/tmp/59719db9ae19ff43aef46bbcb79596b6/include/c++/4.9.x --with-bugurl=http://source.android.com/source/report-bugs.html --enable-languages=c,c++ --disable-bootstrap --enable-plugins --enable-libgomp --enable-gnu-indirect-function --disable-libsanitizer --enable-gold --enable-threads --enable-eh-frame-hdr-for-static --enable-graphite=yes --with-isl-version=0.11.1 --with-cloog-version=0.18.0 --with-arch=armv5te --program-transform-name='s&^&arm-linux-androideabi-&' --enable-gold=default
Thread model: posix
gcc version 4.9.x 20150123 (prerelease) (GCC) 
configure:3304: $? = 0
configure:3293: arm-linux-androideabi-gcc -V >&5
arm-linux-androideabi-gcc: error: unrecognized command line option '-V'
arm-linux-androideabi-gcc: fatal error: no input files
compilation terminated.
configure:3304: $? = 1
configure:3293: arm-linux-androideabi-gcc -qversion >&5
arm-linux-androideabi-gcc: error: unrecognized command line option '-qversion'
arm-linux-androideabi-gcc: fatal error: no input files
compilation terminated.
configure:3304: $? = 1
configure:3324: checking whether the C compiler works
configure:3346: arm-linux-androideabi-gcc -fPIE -fPIC -march=armv7-a  -pie -march=armv7-a conftest.c  >&5
configure:3350: $? = 0
configure:3398: result: yes
configure:3401: checking for C compiler default output file name
configure:3403: result: a.out
configure:3409: checking for suffix of executables
configure:3416: arm-linux-androideabi-gcc -o conftest -fPIE -fPIC -march=armv7-a  -pie -march=armv7-a conftest.c  >&5
configure:3420: $? = 0
configure:3442: result: 
configure:3464: checking whether we are cross compiling
configure:3472: arm-linux-androideabi-gcc -o conftest -fPIE -fPIC -march=armv7-a  -pie -march=armv7-a conftest.c  >&5
configure:3476: $? = 0
configure:3483: ./conftest
./configure: line 3485: ./conftest: cannot execute binary file: Exec format error
configure:3487: $? = 126
configure:3502: result: yes
configure:3507: checking for suffix of object files
configure:3529: arm-linux-androideabi-gcc -c -fPIE -fPIC -march=armv7-a  conftest.c >&5
configure:3533: $? = 0
configure:3554: result: o
configure:3558: checking whether we are using the GNU C compiler
configure:3577: arm-linux-androideabi-gcc -c -fPIE -fPIC -march=armv7-a  conftest.c >&5
configure:3577: $? = 0
configure:3586: result: yes
configure:3595: checking whether arm-linux-androideabi-gcc accepts -g
configure:3615: arm-linux-androideabi-gcc -c -g  conftest.c >&5
configure:3615: $? = 0
configure:3656: result: yes
configure:3673: checking for arm-linux-androideabi-gcc option to accept ISO C89
configure:3736: arm-linux-androideabi-gcc  -c -fPIE -fPIC -march=armv7-a  conftest.c >&5
configure:3736: $? = 0
configure:3749: result: none needed
configure:3774: checking whether arm-linux-androideabi-gcc understands -c and -o together
configure:3796: arm-linux-androideabi-gcc -c conftest.c -o conftest2.o
configure:3799: $? = 0
configure:3796: arm-linux-androideabi-gcc -c conftest.c -o conftest2.o
configure:3799: $? = 0
configure:3811: result: yes
configure:3830: checking dependency style of arm-linux-androideabi-gcc
configure:3941: result: gcc3
configure:3964: checking for special C compiler options needed for large files
configure:4009: result: no
configure:4015: checking for _FILE_OFFSET_BITS value needed for large files
configure:4040: arm-linux-androideabi-gcc -c -fPIE -fPIC -march=armv7-a  conftest.c >&5
conftest.c:17:7: error: size of array 'off_t_is_large' is negative
   int off_t_is_large[(LARGE_OFF_T % 2147483629 == 721
       ^
configure:4040: $? = 1
configure: failed program was:
| /* confdefs.h */
| #define PACKAGE_NAME "sqlite"
| #define PACKAGE_TARNAME "sqlite"
| #define PACKAGE_VERSION "3.37.2"
| #define PACKAGE_STRING "sqlite 3.37.2"
| #define PACKAGE_BUGREPORT "http://www.sqlite.org"
| #define PACKAGE_URL ""
| #define PACKAGE "sqlite"
| #define VERSION "3.37.2"
| /* end confdefs.h.  */
| #include <sys/types.h>
|  /* Check that off_t can represent 2**63 - 1 correctly.
|     We can't simply define LARGE_OFF_T to be 9223372036854775807,
|     since some C++ compilers masquerading as C compilers
|     incorrectly reject 9223372036854775807.  */
| #define LARGE_OFF_T ((((off_t) 1 << 31) << 31) - 1 + (((off_t) 1 << 31) << 31))
|   int off_t_is_large[(LARGE_OFF_T % 2147483629 == 721
| 		       && LARGE_OFF_T % 2147483647 == 1)
| 		      ? 1 : -1];
| int
| main ()
| {
| 
|   ;
|   return 0;
| }
configure:4064: arm-linux-androideabi-gcc -c -fPIE -fPIC -march=armv7-a  conftest.c >&5
conftest.c:18:7: error: size of array 'off_t_is_large' is negative
   int off_t_is_large[(LARGE_OFF_T % 2147483629 == 721
       ^
configure:4064: $? = 1
configure: failed program was:
| /* confdefs.h */
| #define PACKAGE_NAME "sqlite"
| #define PACKAGE_TARNAME "sqlite"
| #define PACKAGE_VERSION "3.37.2"
| #define PACKAGE_STRING "sqlite 3.37.2"
| #define PACKAGE_BUGREPORT "http://www.sqlite.org"
| #define PACKAGE_URL ""
| #define PACKAGE "sqlite"
| #define VERSION "3.37.2"
| /* end confdefs.h.  */
| #define _FILE_OFFSET_BITS 64
| #include <sys/types.h>
|  /* Check that off_t can represent 2**63 - 1 correctly.
|     We can't simply define LARGE_OFF_T to be 9223372036854775807,
|     since some C++ compilers masquerading as C compilers
|     incorrectly reject 9223372036854775807.  */
| #define LARGE_OFF_T ((((off_t) 1 << 31) << 31) - 1 + (((off_t) 1 << 31) << 31))
|   int off_t_is_large[(LARGE_OFF_T % 2147483629 == 721
| 		       && LARGE_OFF_T % 2147483647 == 1)
| 		      ? 1 : -1];
| int
| main ()
| {
| 
|   ;
|   return 0;
| }
configure:4072: result: unknown
configure:4084: checking for _LARGE_FILES value needed for large files
configure:4109: arm-linux-androideabi-gcc -c -fPIE -fPIC -march=armv7-a  conftest.c >&5
conftest.c:17:7: error: size of array 'off_t_is_large' is negative
   int off_t_is_large[(LARGE_OFF_T % 2147483629 == 721
       ^
configure:4109: $? = 1
configure: failed program was:
| /* confdefs.h */
| #define PACKAGE_NAME "sqlite"
| #define PACKAGE_TARNAME "sqlite"
| #define PACKAGE_VERSION "3.37.2"
| #define PACKAGE_STRING "sqlite 3.37.2"
| #define PACKAGE_BUGREPORT "http://www.sqlite.org"
| #define PACKAGE_URL ""
| #define PACKAGE "sqlite"
| #define VERSION "3.37.2"
| /* end confdefs.h.  */
| #include <sys/types.h>
|  /* Check that off_t can represent 2**63 - 1 correctly.
|     We can't simply define LARGE_OFF_T to be 9223372036854775807,
|     since some C++ compilers masquerading as C compilers
|     incorrectly reject 9223372036854775807.  */
| #define LARGE_OFF_T ((((off_t) 1 << 31) << 31) - 1 + (((off_t) 1 << 31) << 31))
|   int off_t_is_large[(LARGE_OFF_T % 2147483629 == 721
| 		       && LARGE_OFF_T % 2147483647 == 1)
| 		      ? 1 : -1];
| int
| main ()
| {
| 
|   ;
|   return 0;
| }
configure:4133: arm-linux-androideabi-gcc -c -fPIE -fPIC -march=armv7-a  conftest.c >&5
conftest.c:18:7: error: size of array 'off_t_is_large' is negative
   int off_t_is_large[(LARGE_OFF_T % 2147483629 == 721
       ^
configure:4133: $? = 1
configure: failed program was:
| /* confdefs.h */
| #define PACKAGE_NAME "sqlite"
| #define PACKAGE_TARNAME "sqlite"
| #define PACKAGE_VERSION "3.37.2"
| #define PACKAGE_STRING "sqlite 3.37.2"
| #define PACKAGE_BUGREPORT "http://www.sqlite.org"
| #define PACKAGE_URL ""
| #define PACKAGE "sqlite"
| #define VERSION "3.37.2"
| /* end confdefs.h.  */
| #define _LARGE_FILES 1
| #include <sys/types.h>
|  /* Check that off_t can represent 2**63 - 1 correctly.
|     We can't simply define LARGE_OFF_T to be 9223372036854775807,
|     since some C++ compilers masquerading as C compilers
|     incorrectly reject 9223372036854775807.  */
| #define LARGE_OFF_T ((((off_t) 1 << 31) << 31) - 1 + (((off_t) 1 << 31) << 31))
|   int off_t_is_large[(LARGE_OFF_T % 2147483629 == 721
| 		       && LARGE_OFF_T % 2147483647 == 1)
| 		      ? 1 : -1];
| int
| main ()
| {
| 
|   ;
|   return 0;
| }
configure:4141: result: unknown
configure:4167: checking for arm-linux-androideabi-gcc
configure:4194: result: arm-linux-androideabi-gcc
configure:4463: checking for C compiler version
configure:4472: arm-linux-androideabi-gcc --version >&5
arm-linux-androideabi-gcc (GCC) 4.9.x 20150123 (prerelease)
Copyright (C) 2014 Free Software Foundation, Inc.
This is free software; see the source for copying conditions.  There is NO
warranty; not even for MERCHANTABILITY or FITNESS FOR A PARTICULAR PURPOSE.

configure:4483: $? = 0
configure:4472: arm-linux-androideabi-gcc -v >&5
Using built-in specs.
COLLECT_GCC=arm-linux-androideabi-gcc
COLLECT_LTO_WRAPPER=/home/guangbin/Workspace/ndk-3rdlib/android-toolchain/bin/../libexec/gcc/arm-linux-androideabi/4.9.x/lto-wrapper
Target: arm-linux-androideabi
Configured with: /usr/local/google/buildbot/src/android/gcc/toolchain/build/../gcc/gcc-4.9/configure --prefix=/tmp/59719db9ae19ff43aef46bbcb79596b6 --target=arm-linux-androideabi --host=x86_64-linux-gnu --build=x86_64-linux-gnu --with-gnu-as --with-gnu-ld --enable-languages=c,c++ --with-gmp=/buildbot/tmp/build/toolchain/temp-install --with-mpfr=/buildbot/tmp/build/toolchain/temp-install --with-mpc=/buildbot/tmp/build/toolchain/temp-install --with-cloog=/buildbot/tmp/build/toolchain/temp-install --with-isl=/buildbot/tmp/build/toolchain/temp-install --with-ppl=/buildbot/tmp/build/toolchain/temp-install --disable-ppl-version-check --disable-cloog-version-check --disable-isl-version-check --enable-cloog-backend=isl --with-host-libstdcxx='-static-libgcc -Wl,-Bstatic,-lstdc++,-Bdynamic -lm' --disable-libssp --enable-threads --disable-nls --disable-libmudflap --disable-libgomp --disable-libstdc__-v3 --disable-sjlj-exceptions --disable-shared --disable-tls --disable-libitm --with-float=soft --with-fpu=vfp --with-arch=armv5te --enable-target-optspace --enable-bionic-libs --enable-libatomic-ifuncs=no --enable-initfini-array --disable-nls --prefix=/tmp/59719db9ae19ff43aef46bbcb79596b6 --with-sysroot=/tmp/59719db9ae19ff43aef46bbcb79596b6/sysroot --with-binutils-version=2.25 --with-mpfr-version=3.1.1 --with-mpc-version=1.0.1 --with-gmp-version=5.0.5 --with-gcc-version=4.9 --with-gdb-version=none --with-gxx-include-dir=/tmp/59719db9ae19ff43aef46bbcb79596b6/include/c++/4.9.x --with-bugurl=http://source.android.com/source/report-bugs.html --enable-languages=c,c++ --disable-bootstrap --enable-plugins --enable-libgomp --enable-gnu-indirect-function --disable-libsanitizer --enable-gold --enable-threads --enable-eh-frame-hdr-for-static --enable-graphite=yes --with-isl-version=0.11.1 --with-cloog-version=0.18.0 --with-arch=armv5te --program-transform-name='s&^&arm-linux-androideabi-&' --enable-gold=default
Thread model: posix
gcc version 4.9.x 20150123 (prerelease) (GCC) 
configure:4483: $? = 0
configure:4472: arm-linux-androideabi-gcc -V >&5
arm-linux-androideabi-gcc: error: unrecognized command line option '-V'
arm-linux-androideabi-gcc: fatal error: no input files
compilation terminated.
configure:4483: $? = 1
configure:4472: arm-linux-androideabi-gcc -qversion >&5
arm-linux-androideabi-gcc: error: unrecognized command line option '-qversion'
arm-linux-androideabi-gcc: fatal error: no input files
compilation terminated.
configure:4483: $? = 1
configure:4487: checking whether we are using the GNU C compiler
configure:4515: result: yes
configure:4524: checking whether arm-linux-androideabi-gcc accepts -g
configure:4585: result: yes
configure:4602: checking for arm-linux-androideabi-gcc option to accept ISO C89
configure:4678: result: none needed
configure:4703: checking whether arm-linux-androideabi-gcc understands -c and -o together
configure:4740: result: yes
configure:4759: checking dependency style of arm-linux-androideabi-gcc
configure:4870: result: gcc3
configure:4914: checking build system type
configure:4928: result: x86_64-pc-linux-gnu
configure:4948: checking host system type
configure:4961: result: arm-unknown-linux-androideabi
configure:5002: checking how to print strings
configure:5029: result: printf
configure:5050: checking for a sed that does not truncate output
configure:5114: result: /usr/bin/sed
configure:5132: checking for grep that handles long lines and -e
configure:5190: result: /usr/bin/grep
configure:5195: checking for egrep
configure:5257: result: /usr/bin/grep -E
configure:5262: checking for fgrep
configure:5324: result: /usr/bin/grep -F
configure:5359: checking for ld used by arm-linux-androideabi-gcc
configure:5426: result: arm-linux-androideabi-ld
configure:5433: checking if the linker (arm-linux-androideabi-ld) is GNU ld
configure:5448: result: yes
configure:5460: checking for BSD- or MS-compatible name lister (nm)
configure:5514: result: /home/guangbin/Workspace/ndk-3rdlib/sqlite-autoconf-3370200/../android-toolchain/bin/arm-linux-androideabi-nm -B
configure:5644: checking the name lister (/home/guangbin/Workspace/ndk-3rdlib/sqlite-autoconf-3370200/../android-toolchain/bin/arm-linux-androideabi-nm -B) interface
configure:5651: arm-linux-androideabi-gcc -c -fPIE -fPIC -march=armv7-a  conftest.c >&5
configure:5654: /home/guangbin/Workspace/ndk-3rdlib/sqlite-autoconf-3370200/../android-toolchain/bin/arm-linux-androideabi-nm -B "conftest.o"
BFD: libncurses.so.5: cannot open shared object file: No such file or directory

configure:5657: output
00000000 B some_variable
configure:5664: result: BSD nm
configure:5667: checking whether ln -s works
configure:5671: result: yes
configure:5679: checking the maximum length of command line arguments
configure:5810: result: 1572864
configure:5858: checking how to convert x86_64-pc-linux-gnu file names to arm-unknown-linux-androideabi format
configure:5898: result: func_convert_file_noop
configure:5905: checking how to convert x86_64-pc-linux-gnu file names to toolchain format
configure:5925: result: func_convert_file_noop
configure:5932: checking for arm-linux-androideabi-ld option to reload object files
configure:5939: result: -r
configure:5973: checking for arm-linux-androideabi-objdump
configure:5989: found /home/guangbin/Workspace/ndk-3rdlib/sqlite-autoconf-3370200/../android-toolchain/bin/arm-linux-androideabi-objdump
configure:6000: result: arm-linux-androideabi-objdump
configure:6072: checking how to recognize dependent libraries
configure:6272: result: pass_all
configure:6317: checking for arm-linux-androideabi-dlltool
configure:6347: result: no
configure:6357: checking for dlltool
configure:6387: result: no
configure:6417: checking how to associate runtime and link libraries
configure:6444: result: printf %s\n
configure:6460: checking for arm-linux-androideabi-ar
configure:6487: result: arm-linux-androideabi-ar
configure:6568: checking for archiver @FILE support
configure:6585: arm-linux-androideabi-gcc -c -fPIE -fPIC -march=armv7-a  conftest.c >&5
configure:6585: $? = 0
configure:6588: arm-linux-androideabi-ar cru libconftest.a @conftest.lst >&5
BFD: libncurses.so.5: cannot open shared object file: No such file or directory

configure:6591: $? = 0
configure:6596: arm-linux-androideabi-ar cru libconftest.a @conftest.lst >&5
arm-linux-androideabi-ar: conftest.o: No such file or directory
configure:6599: $? = 1
configure:6611: result: @
configure:6629: checking for arm-linux-androideabi-strip
configure:6656: result: arm-linux-androideabi-strip
configure:6728: checking for arm-linux-androideabi-ranlib
configure:6755: result: arm-linux-androideabi-ranlib
configure:6897: checking command to parse /home/guangbin/Workspace/ndk-3rdlib/sqlite-autoconf-3370200/../android-toolchain/bin/arm-linux-androideabi-nm -B output from arm-linux-androideabi-gcc object
configure:7050: arm-linux-androideabi-gcc -c -fPIE -fPIC -march=armv7-a  conftest.c >&5
configure:7053: $? = 0
configure:7057: /home/guangbin/Workspace/ndk-3rdlib/sqlite-autoconf-3370200/../android-toolchain/bin/arm-linux-androideabi-nm -B conftest.o \| sed -n -e 's/^.*[ ]\([ABCDGIRSTW][ABCDGIRSTW]*\)[ ][ ]*\([_A-Za-z][_A-Za-z0-9]*\)$/\1 \2 \2/p' | sed '/ __gnu_lto/d' \> conftest.nm
BFD: libncurses.so.5: cannot open shared object file: No such file or directory

configure:7060: $? = 0
configure:7126: arm-linux-androideabi-gcc -o conftest -fPIE -fPIC -march=armv7-a  -pie -march=armv7-a conftest.c conftstm.o >&5
configure:7129: $? = 0
configure:7167: result: ok
configure:7214: checking for sysroot
configure:7244: result: /home/guangbin/Workspace/ndk-3rdlib/sqlite-autoconf-3370200/../android-toolchain/sysroot
configure:7251: checking for a working dd
configure:7289: result: /usr/bin/dd
configure:7293: checking how to truncate binary pipes
configure:7308: result: /usr/bin/dd bs=4096 count=1
configure:7597: checking for arm-linux-androideabi-mt
configure:7627: result: no
configure:7637: checking for mt
configure:7667: result: no
configure:7687: checking if : is a manifest tool
configure:7693: : '-?'
configure:7701: result: no
configure:8378: checking how to run the C preprocessor
configure:8409: arm-linux-androideabi-gcc -E  conftest.c
configure:8409: $? = 0
configure:8423: arm-linux-androideabi-gcc -E  conftest.c
conftest.c:11:28: fatal error: ac_nonexistent.h: No such file or directory
 #include <ac_nonexistent.h>
                            ^
compilation terminated.
configure:8423: $? = 1
configure: failed program was:
| /* confdefs.h */
| #define PACKAGE_NAME "sqlite"
| #define PACKAGE_TARNAME "sqlite"
| #define PACKAGE_VERSION "3.37.2"
| #define PACKAGE_STRING "sqlite 3.37.2"
| #define PACKAGE_BUGREPORT "http://www.sqlite.org"
| #define PACKAGE_URL ""
| #define PACKAGE "sqlite"
| #define VERSION "3.37.2"
| /* end confdefs.h.  */
| #include <ac_nonexistent.h>
configure:8448: result: arm-linux-androideabi-gcc -E
configure:8468: arm-linux-androideabi-gcc -E  conftest.c
configure:8468: $? = 0
configure:8482: arm-linux-androideabi-gcc -E  conftest.c
conftest.c:11:28: fatal error: ac_nonexistent.h: No such file or directory
 #include <ac_nonexistent.h>
                            ^
compilation terminated.
configure:8482: $? = 1
configure: failed program was:
| /* confdefs.h */
| #define PACKAGE_NAME "sqlite"
| #define PACKAGE_TARNAME "sqlite"
| #define PACKAGE_VERSION "3.37.2"
| #define PACKAGE_STRING "sqlite 3.37.2"
| #define PACKAGE_BUGREPORT "http://www.sqlite.org"
| #define PACKAGE_URL ""
| #define PACKAGE "sqlite"
| #define VERSION "3.37.2"
| /* end confdefs.h.  */
| #include <ac_nonexistent.h>
configure:8511: checking for ANSI C header files
configure:8531: arm-linux-androideabi-gcc -c -fPIE -fPIC -march=armv7-a  conftest.c >&5
configure:8531: $? = 0
configure:8615: result: yes
configure:8628: checking for sys/types.h
configure:8628: arm-linux-androideabi-gcc -c -fPIE -fPIC -march=armv7-a  conftest.c >&5
configure:8628: $? = 0
configure:8628: result: yes
configure:8628: checking for sys/stat.h
configure:8628: arm-linux-androideabi-gcc -c -fPIE -fPIC -march=armv7-a  conftest.c >&5
configure:8628: $? = 0
configure:8628: result: yes
configure:8628: checking for stdlib.h
configure:8628: arm-linux-androideabi-gcc -c -fPIE -fPIC -march=armv7-a  conftest.c >&5
configure:8628: $? = 0
configure:8628: result: yes
configure:8628: checking for string.h
configure:8628: arm-linux-androideabi-gcc -c -fPIE -fPIC -march=armv7-a  conftest.c >&5
configure:8628: $? = 0
configure:8628: result: yes
configure:8628: checking for memory.h
configure:8628: arm-linux-androideabi-gcc -c -fPIE -fPIC -march=armv7-a  conftest.c >&5
configure:8628: $? = 0
configure:8628: result: yes
configure:8628: checking for strings.h
configure:8628: arm-linux-androideabi-gcc -c -fPIE -fPIC -march=armv7-a  conftest.c >&5
configure:8628: $? = 0
configure:8628: result: yes
configure:8628: checking for inttypes.h
configure:8628: arm-linux-androideabi-gcc -c -fPIE -fPIC -march=armv7-a  conftest.c >&5
configure:8628: $? = 0
configure:8628: result: yes
configure:8628: checking for stdint.h
configure:8628: arm-linux-androideabi-gcc -c -fPIE -fPIC -march=armv7-a  conftest.c >&5
configure:8628: $? = 0
configure:8628: result: yes
configure:8628: checking for unistd.h
configure:8628: arm-linux-androideabi-gcc -c -fPIE -fPIC -march=armv7-a  conftest.c >&5
configure:8628: $? = 0
configure:8628: result: yes
configure:8642: checking for dlfcn.h
configure:8642: arm-linux-androideabi-gcc -c -fPIE -fPIC -march=armv7-a  conftest.c >&5
configure:8642: $? = 0
configure:8642: result: yes
configure:8898: checking for objdir
configure:8913: result: .libs
configure:9173: checking if arm-linux-androideabi-gcc supports -fno-rtti -fno-exceptions
configure:9191: arm-linux-androideabi-gcc -c -fPIE -fPIC -march=armv7-a  -fno-rtti -fno-exceptions conftest.c >&5
cc1: warning: command line option '-fno-rtti' is valid for C++/ObjC++ but not for C
configure:9195: $? = 0
configure:9208: result: no
configure:9566: checking for arm-linux-androideabi-gcc option to produce PIC
configure:9573: result: -fPIC -DPIC
configure:9581: checking if arm-linux-androideabi-gcc PIC flag -fPIC -DPIC works
configure:9599: arm-linux-androideabi-gcc -c -fPIE -fPIC -march=armv7-a  -fPIC -DPIC -DPIC conftest.c >&5
configure:9603: $? = 0
configure:9616: result: yes
configure:9645: checking if arm-linux-androideabi-gcc static flag -static works
configure:9673: result: yes
configure:9688: checking if arm-linux-androideabi-gcc supports -c -o file.o
configure:9709: arm-linux-androideabi-gcc -c -fPIE -fPIC -march=armv7-a  -o out/conftest2.o conftest.c >&5
configure:9713: $? = 0
configure:9735: result: yes
configure:9743: checking if arm-linux-androideabi-gcc supports -c -o file.o
configure:9790: result: yes
configure:9823: checking whether the arm-linux-androideabi-gcc linker (arm-linux-androideabi-ld) supports shared libraries
configure:11086: result: yes
configure:11326: checking dynamic linker characteristics
configure:12156: result: Android linker
configure:12278: checking how to hardcode library paths into programs
configure:12303: result: immediate
configure:12851: checking whether stripping libraries is possible
configure:12856: result: yes
configure:12891: checking if libtool supports shared libraries
configure:12893: result: yes
configure:12896: checking whether to build shared libraries
configure:12921: result: no
configure:12924: checking whether to build static libraries
configure:12928: result: yes
configure:12971: checking for fdatasync
configure:12971: arm-linux-androideabi-gcc -o conftest -fPIE -fPIC -march=armv7-a  -pie -march=armv7-a conftest.c  >&5
configure:12971: $? = 0
configure:12971: result: yes
configure:12971: checking for usleep
configure:12971: arm-linux-androideabi-gcc -o conftest -fPIE -fPIC -march=armv7-a  -pie -march=armv7-a conftest.c  >&5
configure:12971: $? = 0
configure:12971: result: yes
configure:12971: checking for fullfsync
configure:12971: arm-linux-androideabi-gcc -o conftest -fPIE -fPIC -march=armv7-a  -pie -march=armv7-a conftest.c  >&5
/tmp/cccm5w24.o:conftest.c:function main: error: undefined reference to 'fullfsync'
collect2: error: ld returned 1 exit status
configure:12971: $? = 1
configure: failed program was:
| /* confdefs.h */
| #define PACKAGE_NAME "sqlite"
| #define PACKAGE_TARNAME "sqlite"
| #define PACKAGE_VERSION "3.37.2"
| #define PACKAGE_STRING "sqlite 3.37.2"
| #define PACKAGE_BUGREPORT "http://www.sqlite.org"
| #define PACKAGE_URL ""
| #define PACKAGE "sqlite"
| #define VERSION "3.37.2"
| #define STDC_HEADERS 1
| #define HAVE_SYS_TYPES_H 1
| #define HAVE_SYS_STAT_H 1
| #define HAVE_STDLIB_H 1
| #define HAVE_STRING_H 1
| #define HAVE_MEMORY_H 1
| #define HAVE_STRINGS_H 1
| #define HAVE_INTTYPES_H 1
| #define HAVE_STDINT_H 1
| #define HAVE_UNISTD_H 1
| #define HAVE_DLFCN_H 1
| #define LT_OBJDIR ".libs/"
| #define HAVE_FDATASYNC 1
| #define HAVE_USLEEP 1
| /* end confdefs.h.  */
| /* Define fullfsync to an innocuous variant, in case <limits.h> declares fullfsync.
|    For example, HP-UX 11i <limits.h> declares gettimeofday.  */
| #define fullfsync innocuous_fullfsync
| 
| /* System header to define __stub macros and hopefully few prototypes,
|     which can conflict with char fullfsync (); below.
|     Prefer <limits.h> to <assert.h> if __STDC__ is defined, since
|     <limits.h> exists even on freestanding compilers.  */
| 
| #ifdef __STDC__
| # include <limits.h>
| #else
| # include <assert.h>
| #endif
| 
| #undef fullfsync
| 
| /* Override any GCC internal prototype to avoid an error.
|    Use char because int might match the return type of a GCC
|    builtin and then its argument prototype would still apply.  */
| #ifdef __cplusplus
| extern "C"
| #endif
| char fullfsync ();
| /* The GNU C library defines this for functions which it implements
|     to always fail with ENOSYS.  Some functions are actually named
|     something starting with __ and the normal name is an alias.  */
| #if defined __stub_fullfsync || defined __stub___fullfsync
| choke me
| #endif
| 
| int
| main ()
| {
| return fullfsync ();
|   ;
|   return 0;
| }
configure:12971: result: no
configure:12971: checking for localtime_r
configure:12971: arm-linux-androideabi-gcc -o conftest -fPIE -fPIC -march=armv7-a  -pie -march=armv7-a conftest.c  >&5
configure:12971: $? = 0
configure:12971: result: yes
configure:12971: checking for gmtime_r
configure:12971: arm-linux-androideabi-gcc -o conftest -fPIE -fPIC -march=armv7-a  -pie -march=armv7-a conftest.c  >&5
configure:12971: $? = 0
configure:12971: result: yes
configure:12980: checking whether strerror_r is declared
configure:12980: arm-linux-androideabi-gcc -c -fPIE -fPIC -march=armv7-a  conftest.c >&5
configure:12980: $? = 0
configure:12980: result: yes
configure:12993: checking for strerror_r
configure:12993: arm-linux-androideabi-gcc -o conftest -fPIE -fPIC -march=armv7-a  -pie -march=armv7-a conftest.c  >&5
configure:12993: $? = 0
configure:12993: result: yes
configure:13002: checking whether strerror_r returns char *
configure:13026: arm-linux-androideabi-gcc -c -fPIE -fPIC -march=armv7-a  conftest.c >&5
conftest.c: In function 'main':
conftest.c:67:13: error: invalid type argument of unary '*' (have 'int')
    char x = *strerror_r (0, buf, sizeof buf);
             ^
conftest.c:68:14: warning: initialization makes pointer from integer without a cast
    char *p = strerror_r (0, buf, sizeof buf);
              ^
configure:13026: $? = 1
configure: failed program was:
| /* confdefs.h */
| #define PACKAGE_NAME "sqlite"
| #define PACKAGE_TARNAME "sqlite"
| #define PACKAGE_VERSION "3.37.2"
| #define PACKAGE_STRING "sqlite 3.37.2"
| #define PACKAGE_BUGREPORT "http://www.sqlite.org"
| #define PACKAGE_URL ""
| #define PACKAGE "sqlite"
| #define VERSION "3.37.2"
| #define STDC_HEADERS 1
| #define HAVE_SYS_TYPES_H 1
| #define HAVE_SYS_STAT_H 1
| #define HAVE_STDLIB_H 1
| #define HAVE_STRING_H 1
| #define HAVE_MEMORY_H 1
| #define HAVE_STRINGS_H 1
| #define HAVE_INTTYPES_H 1
| #define HAVE_STDINT_H 1
| #define HAVE_UNISTD_H 1
| #define HAVE_DLFCN_H 1
| #define LT_OBJDIR ".libs/"
| #define HAVE_FDATASYNC 1
| #define HAVE_USLEEP 1
| #define HAVE_LOCALTIME_R 1
| #define HAVE_GMTIME_R 1
| #define HAVE_DECL_STRERROR_R 1
| #define HAVE_STRERROR_R 1
| /* end confdefs.h.  */
| #include <stdio.h>
| #ifdef HAVE_SYS_TYPES_H
| # include <sys/types.h>
| #endif
| #ifdef HAVE_SYS_STAT_H
| # include <sys/stat.h>
| #endif
| #ifdef STDC_HEADERS
| # include <stdlib.h>
| # include <stddef.h>
| #else
| # ifdef HAVE_STDLIB_H
| #  include <stdlib.h>
| # endif
| #endif
| #ifdef HAVE_STRING_H
| # if !defined STDC_HEADERS && defined HAVE_MEMORY_H
| #  include <memory.h>
| # endif
| # include <string.h>
| #endif
| #ifdef HAVE_STRINGS_H
| # include <strings.h>
| #endif
| #ifdef HAVE_INTTYPES_H
| # include <inttypes.h>
| #endif
| #ifdef HAVE_STDINT_H
| # include <stdint.h>
| #endif
| #ifdef HAVE_UNISTD_H
| # include <unistd.h>
| #endif
| int
| main ()
| {
| 
| 	  char buf[100];
| 	  char x = *strerror_r (0, buf, sizeof buf);
| 	  char *p = strerror_r (0, buf, sizeof buf);
| 	  return !p || x;
| 
|   ;
|   return 0;
| }
configure:13064: result: no
configure:13109: checking editline/readline.h usability
configure:13109: arm-linux-androideabi-gcc -c -fPIE -fPIC -march=armv7-a  conftest.c >&5
conftest.c:62:31: fatal error: editline/readline.h: No such file or directory
 #include <editline/readline.h>
                               ^
compilation terminated.
configure:13109: $? = 1
configure: failed program was:
| /* confdefs.h */
| #define PACKAGE_NAME "sqlite"
| #define PACKAGE_TARNAME "sqlite"
| #define PACKAGE_VERSION "3.37.2"
| #define PACKAGE_STRING "sqlite 3.37.2"
| #define PACKAGE_BUGREPORT "http://www.sqlite.org"
| #define PACKAGE_URL ""
| #define PACKAGE "sqlite"
| #define VERSION "3.37.2"
| #define STDC_HEADERS 1
| #define HAVE_SYS_TYPES_H 1
| #define HAVE_SYS_STAT_H 1
| #define HAVE_STDLIB_H 1
| #define HAVE_STRING_H 1
| #define HAVE_MEMORY_H 1
| #define HAVE_STRINGS_H 1
| #define HAVE_INTTYPES_H 1
| #define HAVE_STDINT_H 1
| #define HAVE_UNISTD_H 1
| #define HAVE_DLFCN_H 1
| #define LT_OBJDIR ".libs/"
| #define HAVE_FDATASYNC 1
| #define HAVE_USLEEP 1
| #define HAVE_LOCALTIME_R 1
| #define HAVE_GMTIME_R 1
| #define HAVE_DECL_STRERROR_R 1
| #define HAVE_STRERROR_R 1
| /* end confdefs.h.  */
| #include <stdio.h>
| #ifdef HAVE_SYS_TYPES_H
| # include <sys/types.h>
| #endif
| #ifdef HAVE_SYS_STAT_H
| # include <sys/stat.h>
| #endif
| #ifdef STDC_HEADERS
| # include <stdlib.h>
| # include <stddef.h>
| #else
| # ifdef HAVE_STDLIB_H
| #  include <stdlib.h>
| # endif
| #endif
| #ifdef HAVE_STRING_H
| # if !defined STDC_HEADERS && defined HAVE_MEMORY_H
| #  include <memory.h>
| # endif
| # include <string.h>
| #endif
| #ifdef HAVE_STRINGS_H
| # include <strings.h>
| #endif
| #ifdef HAVE_INTTYPES_H
| # include <inttypes.h>
| #endif
| #ifdef HAVE_STDINT_H
| # include <stdint.h>
| #endif
| #ifdef HAVE_UNISTD_H
| # include <unistd.h>
| #endif
| #include <editline/readline.h>
configure:13109: result: no
configure:13109: checking editline/readline.h presence
configure:13109: arm-linux-androideabi-gcc -E  conftest.c
conftest.c:29:31: fatal error: editline/readline.h: No such file or directory
 #include <editline/readline.h>
                               ^
compilation terminated.
configure:13109: $? = 1
configure: failed program was:
| /* confdefs.h */
| #define PACKAGE_NAME "sqlite"
| #define PACKAGE_TARNAME "sqlite"
| #define PACKAGE_VERSION "3.37.2"
| #define PACKAGE_STRING "sqlite 3.37.2"
| #define PACKAGE_BUGREPORT "http://www.sqlite.org"
| #define PACKAGE_URL ""
| #define PACKAGE "sqlite"
| #define VERSION "3.37.2"
| #define STDC_HEADERS 1
| #define HAVE_SYS_TYPES_H 1
| #define HAVE_SYS_STAT_H 1
| #define HAVE_STDLIB_H 1
| #define HAVE_STRING_H 1
| #define HAVE_MEMORY_H 1
| #define HAVE_STRINGS_H 1
| #define HAVE_INTTYPES_H 1
| #define HAVE_STDINT_H 1
| #define HAVE_UNISTD_H 1
| #define HAVE_DLFCN_H 1
| #define LT_OBJDIR ".libs/"
| #define HAVE_FDATASYNC 1
| #define HAVE_USLEEP 1
| #define HAVE_LOCALTIME_R 1
| #define HAVE_GMTIME_R 1
| #define HAVE_DECL_STRERROR_R 1
| #define HAVE_STRERROR_R 1
| /* end confdefs.h.  */
| #include <editline/readline.h>
configure:13109: result: no
configure:13109: checking for editline/readline.h
configure:13109: result: no
configure:13193: checking readline/readline.h usability
configure:13193: arm-linux-androideabi-gcc -c -fPIE -fPIC -march=armv7-a  conftest.c >&5
conftest.c:62:31: fatal error: readline/readline.h: No such file or directory
 #include <readline/readline.h>
                               ^
compilation terminated.
configure:13193: $? = 1
configure: failed program was:
| /* confdefs.h */
| #define PACKAGE_NAME "sqlite"
| #define PACKAGE_TARNAME "sqlite"
| #define PACKAGE_VERSION "3.37.2"
| #define PACKAGE_STRING "sqlite 3.37.2"
| #define PACKAGE_BUGREPORT "http://www.sqlite.org"
| #define PACKAGE_URL ""
| #define PACKAGE "sqlite"
| #define VERSION "3.37.2"
| #define STDC_HEADERS 1
| #define HAVE_SYS_TYPES_H 1
| #define HAVE_SYS_STAT_H 1
| #define HAVE_STDLIB_H 1
| #define HAVE_STRING_H 1
| #define HAVE_MEMORY_H 1
| #define HAVE_STRINGS_H 1
| #define HAVE_INTTYPES_H 1
| #define HAVE_STDINT_H 1
| #define HAVE_UNISTD_H 1
| #define HAVE_DLFCN_H 1
| #define LT_OBJDIR ".libs/"
| #define HAVE_FDATASYNC 1
| #define HAVE_USLEEP 1
| #define HAVE_LOCALTIME_R 1
| #define HAVE_GMTIME_R 1
| #define HAVE_DECL_STRERROR_R 1
| #define HAVE_STRERROR_R 1
| /* end confdefs.h.  */
| #include <stdio.h>
| #ifdef HAVE_SYS_TYPES_H
| # include <sys/types.h>
| #endif
| #ifdef HAVE_SYS_STAT_H
| # include <sys/stat.h>
| #endif
| #ifdef STDC_HEADERS
| # include <stdlib.h>
| # include <stddef.h>
| #else
| # ifdef HAVE_STDLIB_H
| #  include <stdlib.h>
| # endif
| #endif
| #ifdef HAVE_STRING_H
| # if !defined STDC_HEADERS && defined HAVE_MEMORY_H
| #  include <memory.h>
| # endif
| # include <string.h>
| #endif
| #ifdef HAVE_STRINGS_H
| # include <strings.h>
| #endif
| #ifdef HAVE_INTTYPES_H
| # include <inttypes.h>
| #endif
| #ifdef HAVE_STDINT_H
| # include <stdint.h>
| #endif
| #ifdef HAVE_UNISTD_H
| # include <unistd.h>
| #endif
| #include <readline/readline.h>
configure:13193: result: no
configure:13193: checking readline/readline.h presence
configure:13193: arm-linux-androideabi-gcc -E  conftest.c
conftest.c:29:31: fatal error: readline/readline.h: No such file or directory
 #include <readline/readline.h>
                               ^
compilation terminated.
configure:13193: $? = 1
configure: failed program was:
| /* confdefs.h */
| #define PACKAGE_NAME "sqlite"
| #define PACKAGE_TARNAME "sqlite"
| #define PACKAGE_VERSION "3.37.2"
| #define PACKAGE_STRING "sqlite 3.37.2"
| #define PACKAGE_BUGREPORT "http://www.sqlite.org"
| #define PACKAGE_URL ""
| #define PACKAGE "sqlite"
| #define VERSION "3.37.2"
| #define STDC_HEADERS 1
| #define HAVE_SYS_TYPES_H 1
| #define HAVE_SYS_STAT_H 1
| #define HAVE_STDLIB_H 1
| #define HAVE_STRING_H 1
| #define HAVE_MEMORY_H 1
| #define HAVE_STRINGS_H 1
| #define HAVE_INTTYPES_H 1
| #define HAVE_STDINT_H 1
| #define HAVE_UNISTD_H 1
| #define HAVE_DLFCN_H 1
| #define LT_OBJDIR ".libs/"
| #define HAVE_FDATASYNC 1
| #define HAVE_USLEEP 1
| #define HAVE_LOCALTIME_R 1
| #define HAVE_GMTIME_R 1
| #define HAVE_DECL_STRERROR_R 1
| #define HAVE_STRERROR_R 1
| /* end confdefs.h.  */
| #include <readline/readline.h>
configure:13193: result: no
configure:13193: checking for readline/readline.h
configure:13193: result: no
configure:13344: checking for library containing pthread_create
configure:13375: arm-linux-androideabi-gcc -o conftest -fPIE -fPIC -march=armv7-a  -pie -march=armv7-a conftest.c  >&5
configure:13375: $? = 0
configure:13392: result: none required
configure:13400: checking for library containing pthread_mutexattr_init
configure:13431: arm-linux-androideabi-gcc -o conftest -fPIE -fPIC -march=armv7-a  -pie -march=armv7-a conftest.c  >&5
configure:13431: $? = 0
configure:13448: result: none required
configure:13470: checking for library containing dlopen
configure:13501: arm-linux-androideabi-gcc -o conftest -fPIE -fPIC -march=armv7-a  -pie -march=armv7-a conftest.c  >&5
configure:13501: $? = 0
configure:13518: result: none required
configure:13529: checking for whether to support dynamic extensions
configure:13531: result: yes
configure:13545: checking SQL math functions
configure:13549: result: enabled
configure:13551: checking for library containing ceil
configure:13582: arm-linux-androideabi-gcc -o conftest -fPIE -fPIC -march=armv7-a  -pie -march=armv7-a conftest.c  >&5
conftest.c:36:6: warning: conflicting types for built-in function 'ceil'
 char ceil ();
      ^
/tmp/cc5lpiO9.o:conftest.c:function main: error: undefined reference to 'ceil'
collect2: error: ld returned 1 exit status
configure:13582: $? = 1
configure: failed program was:
| /* confdefs.h */
| #define PACKAGE_NAME "sqlite"
| #define PACKAGE_TARNAME "sqlite"
| #define PACKAGE_VERSION "3.37.2"
| #define PACKAGE_STRING "sqlite 3.37.2"
| #define PACKAGE_BUGREPORT "http://www.sqlite.org"
| #define PACKAGE_URL ""
| #define PACKAGE "sqlite"
| #define VERSION "3.37.2"
| #define STDC_HEADERS 1
| #define HAVE_SYS_TYPES_H 1
| #define HAVE_SYS_STAT_H 1
| #define HAVE_STDLIB_H 1
| #define HAVE_STRING_H 1
| #define HAVE_MEMORY_H 1
| #define HAVE_STRINGS_H 1
| #define HAVE_INTTYPES_H 1
| #define HAVE_STDINT_H 1
| #define HAVE_UNISTD_H 1
| #define HAVE_DLFCN_H 1
| #define LT_OBJDIR ".libs/"
| #define HAVE_FDATASYNC 1
| #define HAVE_USLEEP 1
| #define HAVE_LOCALTIME_R 1
| #define HAVE_GMTIME_R 1
| #define HAVE_DECL_STRERROR_R 1
| #define HAVE_STRERROR_R 1
| /* end confdefs.h.  */
| 
| /* Override any GCC internal prototype to avoid an error.
|    Use char because int might match the return type of a GCC
|    builtin and then its argument prototype would still apply.  */
| #ifdef __cplusplus
| extern "C"
| #endif
| char ceil ();
| int
| main ()
| {
| return ceil ();
|   ;
|   return 0;
| }
configure:13582: arm-linux-androideabi-gcc -o conftest -fPIE -fPIC -march=armv7-a  -pie -march=armv7-a conftest.c -lm   >&5
conftest.c:36:6: warning: conflicting types for built-in function 'ceil'
 char ceil ();
      ^
configure:13582: $? = 0
configure:13599: result: -lm
configure:13623: checking FTS4 extension
configure:13627: result: enabled
configure:13643: checking FTS3 extension
configure:13650: result: disabled
configure:13665: checking FTS5 extension
configure:13668: result: enabled
configure:13670: checking for library containing log
configure:13701: arm-linux-androideabi-gcc -o conftest -fPIE -fPIC -march=armv7-a  -pie -march=armv7-a conftest.c -lm  >&5
conftest.c:36:6: warning: conflicting types for built-in function 'log'
 char log ();
      ^
configure:13701: $? = 0
configure:13718: result: none required
configure:13743: checking JSON functions
configure:13747: result: enabled
configure:13765: checking RTREE extension
configure:13769: result: enabled
configure:13785: checking Session extension
configure:13792: result: disabled
configure:13805: checking Build type
configure:13813: result: release
configure:13838: checking for posix_fallocate
configure:13838: arm-linux-androideabi-gcc -o conftest -fPIE -fPIC -march=armv7-a  -pie -march=armv7-a conftest.c -lm  >&5
configure:13838: $? = 0
configure:13838: result: yes
configure:13849: checking zlib.h usability
configure:13849: arm-linux-androideabi-gcc -c -fPIE -fPIC -march=armv7-a  conftest.c >&5
configure:13849: $? = 0
configure:13849: result: yes
configure:13849: checking zlib.h presence
configure:13849: arm-linux-androideabi-gcc -E  conftest.c
configure:13849: $? = 0
configure:13849: result: yes
configure:13849: checking for zlib.h
configure:13849: result: yes
configure:13855: checking for library containing deflate
configure:13886: arm-linux-androideabi-gcc -o conftest -fPIE -fPIC -march=armv7-a  -pie -march=armv7-a conftest.c -lm  >&5
/tmp/ccFM5ZmI.o:conftest.c:function main: error: undefined reference to 'deflate'
collect2: error: ld returned 1 exit status
configure:13886: $? = 1
configure: failed program was:
| /* confdefs.h */
| #define PACKAGE_NAME "sqlite"
| #define PACKAGE_TARNAME "sqlite"
| #define PACKAGE_VERSION "3.37.2"
| #define PACKAGE_STRING "sqlite 3.37.2"
| #define PACKAGE_BUGREPORT "http://www.sqlite.org"
| #define PACKAGE_URL ""
| #define PACKAGE "sqlite"
| #define VERSION "3.37.2"
| #define STDC_HEADERS 1
| #define HAVE_SYS_TYPES_H 1
| #define HAVE_SYS_STAT_H 1
| #define HAVE_STDLIB_H 1
| #define HAVE_STRING_H 1
| #define HAVE_MEMORY_H 1
| #define HAVE_STRINGS_H 1
| #define HAVE_INTTYPES_H 1
| #define HAVE_STDINT_H 1
| #define HAVE_UNISTD_H 1
| #define HAVE_DLFCN_H 1
| #define LT_OBJDIR ".libs/"
| #define HAVE_FDATASYNC 1
| #define HAVE_USLEEP 1
| #define HAVE_LOCALTIME_R 1
| #define HAVE_GMTIME_R 1
| #define HAVE_DECL_STRERROR_R 1
| #define HAVE_STRERROR_R 1
| #define HAVE_POSIX_FALLOCATE 1
| #define HAVE_ZLIB_H 1
| /* end confdefs.h.  */
| 
| /* Override any GCC internal prototype to avoid an error.
|    Use char because int might match the return type of a GCC
|    builtin and then its argument prototype would still apply.  */
| #ifdef __cplusplus
| extern "C"
| #endif
| char deflate ();
| int
| main ()
| {
| return deflate ();
|   ;
|   return 0;
| }
configure:13886: arm-linux-androideabi-gcc -o conftest -fPIE -fPIC -march=armv7-a  -pie -march=armv7-a conftest.c -lz  -lm  >&5
configure:13886: $? = 0
configure:13903: result: -lz
configure:13917: checking for library containing system
configure:13948: arm-linux-androideabi-gcc -o conftest -fPIE -fPIC -march=armv7-a  -pie -march=armv7-a conftest.c -lz -lm  >&5
configure:13948: $? = 0
configure:13965: result: none required
configure:14139: checking that generated files are newer than configure
configure:14145: result: done
configure:14172: creating ./config.status

## ---------------------- ##
## Running config.status. ##
## ---------------------- ##

This file was extended by sqlite config.status 3.37.2, which was
generated by GNU Autoconf 2.69.  Invocation command line was

  CONFIG_FILES    = 
  CONFIG_HEADERS  = 
  CONFIG_LINKS    = 
  CONFIG_COMMANDS = 
  $ ./config.status 

on guangbin-piesat

config.status:1014: creating Makefile
config.status:1014: creating sqlite3.pc
config.status:1186: executing depfiles commands
config.status:1186: executing libtool commands

## ---------------- ##
## Cache variables. ##
## ---------------- ##

ac_cv_build=x86_64-pc-linux-gnu
ac_cv_c_compiler_gnu=yes
ac_cv_env_CC_set=set
ac_cv_env_CC_value=arm-linux-androideabi-gcc
ac_cv_env_CFLAGS_set=set
ac_cv_env_CFLAGS_value='-fPIE -fPIC -march=armv7-a'
ac_cv_env_CPPFLAGS_set=
ac_cv_env_CPPFLAGS_value=
ac_cv_env_CPP_set=
ac_cv_env_CPP_value=
ac_cv_env_LDFLAGS_set=set
ac_cv_env_LDFLAGS_value='-pie -march=armv7-a'
ac_cv_env_LIBS_set=
ac_cv_env_LIBS_value=
ac_cv_env_LT_SYS_LIBRARY_PATH_set=
ac_cv_env_LT_SYS_LIBRARY_PATH_value=
ac_cv_env_build_alias_set=
ac_cv_env_build_alias_value=
ac_cv_env_host_alias_set=set
ac_cv_env_host_alias_value=arm-linux-androideabi
ac_cv_env_target_alias_set=
ac_cv_env_target_alias_value=
ac_cv_func_fdatasync=yes
ac_cv_func_fullfsync=no
ac_cv_func_gmtime_r=yes
ac_cv_func_localtime_r=yes
ac_cv_func_posix_fallocate=yes
ac_cv_func_strerror_r=yes
ac_cv_func_strerror_r_char_p=no
ac_cv_func_usleep=yes
ac_cv_have_decl_strerror_r=yes
ac_cv_header_dlfcn_h=yes
ac_cv_header_editline_readline_h=no
ac_cv_header_inttypes_h=yes
ac_cv_header_memory_h=yes
ac_cv_header_readline_readline_h=no
ac_cv_header_stdc=yes
ac_cv_header_stdint_h=yes
ac_cv_header_stdlib_h=yes
ac_cv_header_string_h=yes
ac_cv_header_strings_h=yes
ac_cv_header_sys_stat_h=yes
ac_cv_header_sys_types_h=yes
ac_cv_header_unistd_h=yes
ac_cv_header_zlib_h=yes
ac_cv_host=arm-unknown-linux-androideabi
ac_cv_objext=o
ac_cv_path_EGREP='/usr/bin/grep -E'
ac_cv_path_FGREP='/usr/bin/grep -F'
ac_cv_path_GREP=/usr/bin/grep
ac_cv_path_SED=/usr/bin/sed
ac_cv_path_install='/usr/bin/install -c'
ac_cv_path_lt_DD=/usr/bin/dd
ac_cv_path_mkdir=/usr/bin/mkdir
ac_cv_prog_AR=arm-linux-androideabi-ar
ac_cv_prog_AWK=gawk
ac_cv_prog_CC=arm-linux-androideabi-gcc
ac_cv_prog_CPP='arm-linux-androideabi-gcc -E'
ac_cv_prog_OBJDUMP=arm-linux-androideabi-objdump
ac_cv_prog_RANLIB=arm-linux-androideabi-ranlib
ac_cv_prog_STRIP=arm-linux-androideabi-strip
ac_cv_prog_cc_c89=
ac_cv_prog_cc_g=yes
ac_cv_prog_make_make_set=yes
ac_cv_search_ceil=-lm
ac_cv_search_deflate=-lz
ac_cv_search_dlopen='none required'
ac_cv_search_log='none required'
ac_cv_search_pthread_create='none required'
ac_cv_search_pthread_mutexattr_init='none required'
ac_cv_search_system='none required'
ac_cv_sys_file_offset_bits=unknown
ac_cv_sys_large_files=unknown
ac_cv_sys_largefile_CC=no
am_cv_CC_dependencies_compiler_type=gcc3
am_cv_make_support_nested_variables=yes
am_cv_prog_cc_c_o=yes
lt_cv_ar_at_file=@
lt_cv_deplibs_check_method=pass_all
lt_cv_file_magic_cmd='$MAGIC_CMD'
lt_cv_file_magic_test_file=
lt_cv_ld_reload_flag=-r
lt_cv_nm_interface='BSD nm'
lt_cv_objdir=.libs
lt_cv_path_LD=arm-linux-androideabi-ld
lt_cv_path_NM='/home/guangbin/Workspace/ndk-3rdlib/sqlite-autoconf-3370200/../android-toolchain/bin/arm-linux-androideabi-nm -B'
lt_cv_path_mainfest_tool=no
lt_cv_prog_compiler_c_o=yes
lt_cv_prog_compiler_pic='-fPIC -DPIC'
lt_cv_prog_compiler_pic_works=yes
lt_cv_prog_compiler_rtti_exceptions=no
lt_cv_prog_compiler_static_works=yes
lt_cv_prog_gnu_ld=yes
lt_cv_sharedlib_from_linklib_cmd='printf %s\n'
lt_cv_sys_global_symbol_pipe='sed -n -e '\''s/^.*[	 ]\([ABCDGIRSTW][ABCDGIRSTW]*\)[	 ][	 ]*\([_A-Za-z][_A-Za-z0-9]*\)$/\1 \2 \2/p'\'' | sed '\''/ __gnu_lto/d'\'''
lt_cv_sys_global_symbol_to_c_name_address='sed -n -e '\''s/^: \(.*\) .*$/  {"\1", (void *) 0},/p'\'' -e '\''s/^[ABCDGIRSTW][ABCDGIRSTW]* .* \(.*\)$/  {"\1", (void *) \&\1},/p'\'''
lt_cv_sys_global_symbol_to_c_name_address_lib_prefix='sed -n -e '\''s/^: \(.*\) .*$/  {"\1", (void *) 0},/p'\'' -e '\''s/^[ABCDGIRSTW][ABCDGIRSTW]* .* \(lib.*\)$/  {"\1", (void *) \&\1},/p'\'' -e '\''s/^[ABCDGIRSTW][ABCDGIRSTW]* .* \(.*\)$/  {"lib\1", (void *) \&\1},/p'\'''
lt_cv_sys_global_symbol_to_cdecl='sed -n -e '\''s/^T .* \(.*\)$/extern int \1();/p'\'' -e '\''s/^[ABCDGIRSTW][ABCDGIRSTW]* .* \(.*\)$/extern char \1;/p'\'''
lt_cv_sys_global_symbol_to_import=
lt_cv_sys_max_cmd_len=1572864
lt_cv_to_host_file_cmd=func_convert_file_noop
lt_cv_to_tool_file_cmd=func_convert_file_noop
lt_cv_truncate_bin='/usr/bin/dd bs=4096 count=1'

## ----------------- ##
## Output variables. ##
## ----------------- ##

ACLOCAL='${SHELL} /home/guangbin/Workspace/ndk-3rdlib/sqlite-autoconf-3370200/missing aclocal-1.15'
AMDEPBACKSLASH='\'
AMDEP_FALSE='#'
AMDEP_TRUE=''
AMTAR='$${TAR-tar}'
AM_BACKSLASH='\'
AM_DEFAULT_V='$(AM_DEFAULT_VERBOSITY)'
AM_DEFAULT_VERBOSITY='1'
AM_V='$(V)'
AR='arm-linux-androideabi-ar'
AUTOCONF='${SHELL} /home/guangbin/Workspace/ndk-3rdlib/sqlite-autoconf-3370200/missing autoconf'
AUTOHEADER='${SHELL} /home/guangbin/Workspace/ndk-3rdlib/sqlite-autoconf-3370200/missing autoheader'
AUTOMAKE='${SHELL} /home/guangbin/Workspace/ndk-3rdlib/sqlite-autoconf-3370200/missing automake-1.15'
AWK='gawk'
BUILD_CFLAGS=' -D_REENTRANT=1 -DSQLITE_THREADSAFE=1 -DSQLITE_ENABLE_MATH_FUNCTIONS -DSQLITE_ENABLE_FTS4 -DSQLITE_ENABLE_FTS5 -DSQLITE_ENABLE_JSON1 -DSQLITE_ENABLE_RTREE -DSQLITE_ENABLE_GEOPOLY -DSQLITE_HAVE_ZLIB'
CC='arm-linux-androideabi-gcc'
CCDEPMODE='depmode=gcc3'
CFLAGS='-fPIE -fPIC -march=armv7-a'
CPP='arm-linux-androideabi-gcc -E'
CPPFLAGS=''
CYGPATH_W='echo'
DEFS='-DPACKAGE_NAME=\"sqlite\" -DPACKAGE_TARNAME=\"sqlite\" -DPACKAGE_VERSION=\"3.37.2\" -DPACKAGE_STRING=\"sqlite\ 3.37.2\" -DPACKAGE_BUGREPORT=\"http://www.sqlite.org\" -DPACKAGE_URL=\"\" -DPACKAGE=\"sqlite\" -DVERSION=\"3.37.2\" -DSTDC_HEADERS=1 -DHAVE_SYS_TYPES_H=1 -DHAVE_SYS_STAT_H=1 -DHAVE_STDLIB_H=1 -DHAVE_STRING_H=1 -DHAVE_MEMORY_H=1 -DHAVE_STRINGS_H=1 -DHAVE_INTTYPES_H=1 -DHAVE_STDINT_H=1 -DHAVE_UNISTD_H=1 -DHAVE_DLFCN_H=1 -DLT_OBJDIR=\".libs/\" -DHAVE_FDATASYNC=1 -DHAVE_USLEEP=1 -DHAVE_LOCALTIME_R=1 -DHAVE_GMTIME_R=1 -DHAVE_DECL_STRERROR_R=1 -DHAVE_STRERROR_R=1 -DHAVE_POSIX_FALLOCATE=1 -DHAVE_ZLIB_H=1'
DEPDIR='.deps'
DLLTOOL='false'
DSYMUTIL=''
DUMPBIN=''
ECHO_C=''
ECHO_N='-n'
ECHO_T=''
EGREP='/usr/bin/grep -E'
EXEEXT=''
EXTRA_SHELL_OBJ='sqlite3-sqlite3.o'
FGREP='/usr/bin/grep -F'
GREP='/usr/bin/grep'
INSTALL_DATA='${INSTALL} -m 644'
INSTALL_PROGRAM='${INSTALL}'
INSTALL_SCRIPT='${INSTALL}'
INSTALL_STRIP_PROGRAM='$(install_sh) -c -s'
LD='arm-linux-androideabi-ld'
LDFLAGS='-pie -march=armv7-a'
LIBOBJS=''
LIBS='-lz -lm '
LIBTOOL='$(SHELL) $(top_builddir)/libtool'
LIPO=''
LN_S='ln -s'
LTLIBOBJS=''
LT_SYS_LIBRARY_PATH=''
MAKEINFO='${SHELL} /home/guangbin/Workspace/ndk-3rdlib/sqlite-autoconf-3370200/missing makeinfo'
MANIFEST_TOOL=':'
MKDIR_P='/usr/bin/mkdir -p'
NM='/home/guangbin/Workspace/ndk-3rdlib/sqlite-autoconf-3370200/../android-toolchain/bin/arm-linux-androideabi-nm -B'
NMEDIT=''
OBJDUMP='arm-linux-androideabi-objdump'
OBJEXT='o'
OTOOL64=''
OTOOL=''
PACKAGE='sqlite'
PACKAGE_BUGREPORT='http://www.sqlite.org'
PACKAGE_NAME='sqlite'
PACKAGE_STRING='sqlite 3.37.2'
PACKAGE_TARNAME='sqlite'
PACKAGE_URL=''
PACKAGE_VERSION='3.37.2'
PATH_SEPARATOR=':'
RANLIB='arm-linux-androideabi-ranlib'
READLINE_LIBS=''
SED='/usr/bin/sed'
SET_MAKE=''
SHELL='/bin/sh'
SHELL_CFLAGS=''
STRIP='arm-linux-androideabi-strip'
VERSION='3.37.2'
ac_ct_AR=''
ac_ct_CC=''
ac_ct_DUMPBIN=''
am__EXEEXT_FALSE=''
am__EXEEXT_TRUE='#'
am__fastdepCC_FALSE='#'
am__fastdepCC_TRUE=''
am__include='include'
am__isrc=''
am__leading_dot='.'
am__nodep='_no'
am__quote=''
am__tar='$${TAR-tar} chof - "$$tardir"'
am__untar='$${TAR-tar} xf -'
bindir='${exec_prefix}/bin'
build='x86_64-pc-linux-gnu'
build_alias=''
build_cpu='x86_64'
build_os='linux-gnu'
build_vendor='pc'
datadir='${datarootdir}'
datarootdir='${prefix}/share'
docdir='${datarootdir}/doc/${PACKAGE_TARNAME}'
dvidir='${docdir}'
exec_prefix='${prefix}'
host='arm-unknown-linux-androideabi'
host_alias='arm-linux-androideabi'
host_cpu='arm'
host_os='linux-androideabi'
host_vendor='unknown'
htmldir='${docdir}'
includedir='${prefix}/include'
infodir='${datarootdir}/info'
install_sh='${SHELL} /home/guangbin/Workspace/ndk-3rdlib/sqlite-autoconf-3370200/install-sh'
libdir='${exec_prefix}/lib'
libexecdir='${exec_prefix}/libexec'
localedir='${datarootdir}/locale'
localstatedir='${prefix}/var'
mandir='${datarootdir}/man'
mkdir_p='$(MKDIR_P)'
oldincludedir='/usr/include'
pdfdir='${docdir}'
prefix='/home/guangbin/Workspace/ndk-3rdlib/sqlite-autoconf-3370200/build/armeabi-v7a'
program_transform_name='s,x,x,'
psdir='${docdir}'
runstatedir='${localstatedir}/run'
sbindir='${exec_prefix}/sbin'
sharedstatedir='${prefix}/com'
sysconfdir='${prefix}/etc'
target_alias=''

## ----------- ##
## confdefs.h. ##
## ----------- ##

/* confdefs.h */
#define PACKAGE_NAME "sqlite"
#define PACKAGE_TARNAME "sqlite"
#define PACKAGE_VERSION "3.37.2"
#define PACKAGE_STRING "sqlite 3.37.2"
#define PACKAGE_BUGREPORT "http://www.sqlite.org"
#define PACKAGE_URL ""
#define PACKAGE "sqlite"
#define VERSION "3.37.2"
#define STDC_HEADERS 1
#define HAVE_SYS_TYPES_H 1
#define HAVE_SYS_STAT_H 1
#define HAVE_STDLIB_H 1
#define HAVE_STRING_H 1
#define HAVE_MEMORY_H 1
#define HAVE_STRINGS_H 1
#define HAVE_INTTYPES_H 1
#define HAVE_STDINT_H 1
#define HAVE_UNISTD_H 1
#define HAVE_DLFCN_H 1
#define LT_OBJDIR ".libs/"
#define HAVE_FDATASYNC 1
#define HAVE_USLEEP 1
#define HAVE_LOCALTIME_R 1
#define HAVE_GMTIME_R 1
#define HAVE_DECL_STRERROR_R 1
#define HAVE_STRERROR_R 1
#define HAVE_POSIX_FALLOCATE 1
#define HAVE_ZLIB_H 1

configure: exit 0
