C:\Program Files (x86)\MSBuild\Microsoft.Cpp\v4.0\V140\Microsoft.CppBuild.targets(392,5): warning MSB8028: The intermediate directory (x64\Debug\) contains files shared from another project (libprotobuf-lite.vcxproj, libprotobuf.vcxproj).  This can lead to incorrect clean and rebuild behavior.
  code_generator.cc
..\src\google\protobuf\compiler\code_generator.cc(35): fatal error C1083: 无法打开包括文件: “google/protobuf/compiler/code_generator.h”: No such file or directory
  command_line_interface.cc
..\src\google\protobuf\compiler\command_line_interface.cc(35): fatal error C1083: 无法打开包括文件: “google/protobuf/compiler/command_line_interface.h”: No such file or directory
  cpp_enum.cc
..\src\google\protobuf\compiler\cpp\cpp_enum.cc(38): fatal error C1083: 无法打开包括文件: “google/protobuf/compiler/cpp/cpp_enum.h”: No such file or directory
  cpp_enum_field.cc
..\src\google\protobuf\compiler\cpp\cpp_enum_field.cc(35): fatal error C1083: 无法打开包括文件: “google/protobuf/compiler/cpp/cpp_enum_field.h”: No such file or directory
  cpp_extension.cc
..\src\google\protobuf\compiler\cpp\cpp_extension.cc(35): fatal error C1083: 无法打开包括文件: “google/protobuf/compiler/cpp/cpp_extension.h”: No such file or directory
  cpp_field.cc
..\src\google\protobuf\compiler\cpp\cpp_field.cc(35): fatal error C1083: 无法打开包括文件: “google/protobuf/compiler/cpp/cpp_field.h”: No such file or directory
  cpp_file.cc
..\src\google\protobuf\compiler\cpp\cpp_file.cc(35): fatal error C1083: 无法打开包括文件: “google/protobuf/compiler/cpp/cpp_file.h”: No such file or directory
  cpp_generator.cc
..\src\google\protobuf\compiler\cpp\cpp_generator.cc(35): fatal error C1083: 无法打开包括文件: “google/protobuf/compiler/cpp/cpp_generator.h”: No such file or directory
  cpp_helpers.cc
..\src\google\protobuf\compiler\cpp\cpp_helpers.cc(38): fatal error C1083: 无法打开包括文件: “google/protobuf/stubs/hash.h”: No such file or directory
  cpp_message.cc
..\src\google\protobuf\compiler\cpp\cpp_message.cc(36): fatal error C1083: 无法打开包括文件: “google/protobuf/stubs/hash.h”: No such file or directory
  cpp_message_field.cc
..\src\google\protobuf\compiler\cpp\cpp_message_field.cc(35): fatal error C1083: 无法打开包括文件: “google/protobuf/compiler/cpp/cpp_message_field.h”: No such file or directory
  cpp_primitive_field.cc
..\src\google\protobuf\compiler\cpp\cpp_primitive_field.cc(35): fatal error C1083: 无法打开包括文件: “google/protobuf/compiler/cpp/cpp_primitive_field.h”: No such file or directory
  cpp_service.cc
..\src\google\protobuf\compiler\cpp\cpp_service.cc(35): fatal error C1083: 无法打开包括文件: “google/protobuf/compiler/cpp/cpp_service.h”: No such file or directory
  cpp_string_field.cc
..\src\google\protobuf\compiler\cpp\cpp_string_field.cc(35): fatal error C1083: 无法打开包括文件: “google/protobuf/compiler/cpp/cpp_string_field.h”: No such file or directory
  java_context.cc
..\src\google\protobuf\compiler\java\java_context.cc(31): fatal error C1083: 无法打开包括文件: “google/protobuf/compiler/java/java_context.h”: No such file or directory
  java_doc_comment.cc
..\src\google\protobuf\compiler\java\java_doc_comment.cc(35): fatal error C1083: 无法打开包括文件: “google/protobuf/compiler/java/java_doc_comment.h”: No such file or directory
  java_enum.cc
..\src\google\protobuf\compiler\java\java_enum.cc(38): fatal error C1083: 无法打开包括文件: “google/protobuf/compiler/java/java_context.h”: No such file or directory
  java_enum_field.cc
..\src\google\protobuf\compiler\java\java_enum_field.cc(38): fatal error C1083: 无法打开包括文件: “google/protobuf/stubs/common.h”: No such file or directory
  java_extension.cc
..\src\google\protobuf\compiler\java\java_extension.cc(35): fatal error C1083: 无法打开包括文件: “google/protobuf/compiler/java/java_extension.h”: No such file or directory
  java_field.cc
..\src\google\protobuf\compiler\java\java_field.cc(35): fatal error C1083: 无法打开包括文件: “google/protobuf/compiler/java/java_field.h”: No such file or directory
  正在生成代码...
  正在编译...
  java_file.cc
..\src\google\protobuf\compiler\java\java_file.cc(35): fatal error C1083: 无法打开包括文件: “google/protobuf/compiler/java/java_file.h”: No such file or directory
  java_generator.cc
..\src\google\protobuf\compiler\java\java_generator.cc(35): fatal error C1083: 无法打开包括文件: “google/protobuf/compiler/java/java_generator.h”: No such file or directory
  java_generator_factory.cc
..\src\google\protobuf\compiler\java\java_generator_factory.cc(33): fatal error C1083: 无法打开包括文件: “google/protobuf/compiler/java/java_generator_factory.h”: No such file or directory
  java_helpers.cc
..\src\google\protobuf\compiler\java\java_helpers.cc(36): fatal error C1083: 无法打开包括文件: “google/protobuf/stubs/hash.h”: No such file or directory
  java_lazy_message_field.cc
..\src\google\protobuf\compiler\java\java_lazy_message_field.cc(35): fatal error C1083: 无法打开包括文件: “google/protobuf/compiler/java/java_context.h”: No such file or directory
  java_message.cc
..\src\google\protobuf\compiler\java\java_message.cc(35): fatal error C1083: 无法打开包括文件: “google/protobuf/compiler/java/java_message.h”: No such file or directory
  java_message_field.cc
..\src\google\protobuf\compiler\java\java_message_field.cc(38): fatal error C1083: 无法打开包括文件: “google/protobuf/compiler/java/java_context.h”: No such file or directory
  java_name_resolver.cc
..\src\google\protobuf\compiler\java\java_name_resolver.cc(31): fatal error C1083: 无法打开包括文件: “google/protobuf/compiler/java/java_name_resolver.h”: No such file or directory
  java_primitive_field.cc
..\src\google\protobuf\compiler\java\java_primitive_field.cc(38): fatal error C1083: 无法打开包括文件: “google/protobuf/stubs/common.h”: No such file or directory
  java_service.cc
..\src\google\protobuf\compiler\java\java_service.cc(35): fatal error C1083: 无法打开包括文件: “google/protobuf/compiler/java/java_service.h”: No such file or directory
  java_shared_code_generator.cc
..\src\google\protobuf\compiler\java\java_shared_code_generator.cc(33): fatal error C1083: 无法打开包括文件: “google/protobuf/compiler/java/java_shared_code_generator.h”: No such file or directory
  java_string_field.cc
..\src\google\protobuf\compiler\java\java_string_field.cc(39): fatal error C1083: 无法打开包括文件: “google/protobuf/stubs/common.h”: No such file or directory
  plugin.cc
..\src\google\protobuf\compiler\plugin.cc(33): fatal error C1083: 无法打开包括文件: “google/protobuf/compiler/plugin.h”: No such file or directory
  plugin.pb.cc
..\src\google\protobuf\compiler\plugin.pb.cc(5): fatal error C1083: 无法打开包括文件: “google/protobuf/compiler/plugin.pb.h”: No such file or directory
  python_generator.cc
..\src\google\protobuf\compiler\python\python_generator.cc(54): fatal error C1083: 无法打开包括文件: “google/protobuf/compiler/python/python_generator.h”: No such file or directory
  subprocess.cc
..\src\google\protobuf\compiler\subprocess.cc(33): fatal error C1083: 无法打开包括文件: “google/protobuf/compiler/subprocess.h”: No such file or directory
  zip_writer.cc
..\src\google\protobuf\compiler\zip_writer.cc(66): fatal error C1083: 无法打开包括文件: “google/protobuf/compiler/zip_writer.h”: No such file or directory
  正在生成代码...
