  extension_set.cc
..\src\google\protobuf\extension_set.cc(35): fatal error C1083: 无法打开包括文件: “google/protobuf/stubs/hash.h”: No such file or directory
  generated_message_util.cc
..\src\google\protobuf\generated_message_util.cc(35): fatal error C1083: 无法打开包括文件: “google/protobuf/generated_message_util.h”: No such file or directory
  coded_stream.cc
..\src\google\protobuf\io\coded_stream.cc : fatal error C1041: 无法打开程序数据库“E:\jni\LibShared\protobuf\protobuf-2.6.1\vsprojects\x64\Debug\vc140.pdb”；如果要将多个 CL.EXE 写入同一个 .PDB 文件，请使用 /FS
  zero_copy_stream.cc
..\src\google\protobuf\io\zero_copy_stream.cc : fatal error C1041: 无法打开程序数据库“E:\jni\LibShared\protobuf\protobuf-2.6.1\vsprojects\x64\Debug\vc140.pdb”；如果要将多个 CL.EXE 写入同一个 .PDB 文件，请使用 /FS
  zero_copy_stream_impl_lite.cc
..\src\google\protobuf\io\zero_copy_stream_impl_lite.cc : fatal error C1041: 无法打开程序数据库“E:\jni\LibShared\protobuf\protobuf-2.6.1\vsprojects\x64\Debug\vc140.pdb”；如果要将多个 CL.EXE 写入同一个 .PDB 文件，请使用 /FS
  message_lite.cc
..\src\google\protobuf\message_lite.cc : fatal error C1041: 无法打开程序数据库“E:\jni\LibShared\protobuf\protobuf-2.6.1\vsprojects\x64\Debug\vc140.pdb”；如果要将多个 CL.EXE 写入同一个 .PDB 文件，请使用 /FS
  repeated_field.cc
..\src\google\protobuf\repeated_field.cc(37): fatal error C1083: 无法打开包括文件: “google/protobuf/repeated_field.h”: No such file or directory
  atomicops_internals_x86_msvc.cc
..\src\google\protobuf\stubs\atomicops_internals_x86_msvc.cc : fatal error C1041: 无法打开程序数据库“E:\jni\LibShared\protobuf\protobuf-2.6.1\vsprojects\x64\Debug\vc140.pdb”；如果要将多个 CL.EXE 写入同一个 .PDB 文件，请使用 /FS
  common.cc
..\src\google\protobuf\stubs\common.cc(33): fatal error C1083: 无法打开包括文件: “google/protobuf/stubs/common.h”: No such file or directory
  once.cc
..\src\google\protobuf\stubs\once.cc : fatal error C1041: 无法打开程序数据库“E:\jni\LibShared\protobuf\protobuf-2.6.1\vsprojects\x64\Debug\vc140.pdb”；如果要将多个 CL.EXE 写入同一个 .PDB 文件，请使用 /FS
  stringprintf.cc
..\src\google\protobuf\stubs\stringprintf.cc : fatal error C1041: 无法打开程序数据库“E:\jni\LibShared\protobuf\protobuf-2.6.1\vsprojects\x64\Debug\vc140.pdb”；如果要将多个 CL.EXE 写入同一个 .PDB 文件，请使用 /FS
  wire_format_lite.cc
..\src\google\protobuf\wire_format_lite.cc : fatal error C1041: 无法打开程序数据库“E:\jni\LibShared\protobuf\protobuf-2.6.1\vsprojects\x64\Debug\vc140.pdb”；如果要将多个 CL.EXE 写入同一个 .PDB 文件，请使用 /FS
  正在生成代码...
